<?xml version="1.0" encoding="UTF-8"?>
<!-- Generated by org.testng.reporters.JUnitReportReporter -->
<testsuite skipped="0" hostname="DESKTOP-QGR1O5T" name="qaclickacademy.Mavenjava.AppiumTest" tests="2" failures="0" timestamp="2021-07-12T05:40:28 CDT" time="0.002" errors="0">
  <testcase name="Android" time="0.001" classname="qaclickacademy.Mavenjava.AppiumTest"/>
  <system-out/>
  <testcase name="IOS" time="0.001" classname="qaclickacademy.Mavenjava.AppiumTest"/>
  <system-out/>
</testsuite> <!-- qaclickacademy.Mavenjava.AppiumTest -->
