<?xml version="1.0" encoding="UTF-8"?>
<!-- Generated by org.testng.reporters.JUnitReportReporter -->
<testsuite skipped="0" hostname="DESKTOP-QGR1O5T" name="qaclickacademy.Mavenjava.AppTest" tests="1" failures="0" timestamp="2021-07-12T05:40:28 CDT" time="0.019" errors="0">
  <testcase name="testApp" time="0.019" classname="qaclickacademy.Mavenjava.AppTest"/>
  <system-out/>
</testsuite> <!-- qaclickacademy.Mavenjava.AppTest -->
